[13-Mar-2025 23:24:29 UTC] PHP Warning:  Undefined array key "host" in /workspaces/UX308_Lab6/.wordpress/wp-includes/pluggable.php on line 1625
[20-Mar-2025 23:26:04 UTC] PHP Warning:  Undefined variable $parent_theme_name in /workspaces/UX308-Assignment2/.wordpress/wp-content/mu-plugins/one-click-child-theme/templates/create_child_form.php on line 18
[03-Apr-2025 19:41:32 UTC] PHP Fatal error:  Out of memory (allocated 37748736) (tried to allocate 2097152 bytes) in /workspaces/UX308-Assignment2/.wordpress/wp-content/plugins/ecommerce-product-catalog/modules/price/price-meta.php on line 31
[03-Apr-2025 19:41:35 UTC] PHP Fatal error:  Out of memory (allocated 33554432) (tried to allocate 2097152 bytes) in /workspaces/UX308-Assignment2/.wordpress/wp-content/plugins/ecommerce-product-catalog/modules/price/price-functions.php on line 224
[03-Apr-2025 19:41:45 UTC] PHP Fatal error:  Out of memory (allocated 33554432) (tried to allocate 2097152 bytes) in /workspaces/UX308-Assignment2/.wordpress/wp-content/plugins/ecommerce-product-catalog/modules/price/price-functions.php on line 224
[03-Apr-2025 19:41:55 UTC] PHP Fatal error:  Out of memory (allocated 31457280) (tried to allocate 2097152 bytes) in /workspaces/UX308-Assignment2/.wordpress/wp-content/plugins/ecommerce-product-catalog/modules/price/price-functions.php on line 224
[03-Apr-2025 19:42:01 UTC] PHP Fatal error:  Out of memory (allocated 31457280) (tried to allocate 2097152 bytes) in /workspaces/UX308-Assignment2/.wordpress/wp-content/plugins/ecommerce-product-catalog/modules/price/price-meta.php on line 31
[03-Apr-2025 19:42:01 UTC] PHP Fatal error:  Out of memory (allocated 31457280) (tried to allocate 2097152 bytes) in /workspaces/UX308-Assignment2/.wordpress/wp-content/plugins/ecommerce-product-catalog/modules/price/price-meta.php on line 31
[03-Apr-2025 19:42:01 UTC] PHP Fatal error:  Out of memory (allocated 31457280) (tried to allocate 2097152 bytes) in /workspaces/UX308-Assignment2/.wordpress/wp-content/plugins/ecommerce-product-catalog/modules/price/price-meta.php on line 31
[03-Apr-2025 19:42:02 UTC] PHP Fatal error:  Out of memory (allocated 31457280) (tried to allocate 2097152 bytes) in /workspaces/UX308-Assignment2/.wordpress/wp-content/plugins/ecommerce-product-catalog/modules/price/price-meta.php on line 31
[03-Apr-2025 19:42:05 UTC] PHP Fatal error:  Out of memory (allocated 31457280) (tried to allocate 2097152 bytes) in /workspaces/UX308-Assignment2/.wordpress/wp-content/plugins/ecommerce-product-catalog/modules/price/price-functions.php on line 224
[03-Apr-2025 19:42:07 UTC] PHP Fatal error:  Out of memory (allocated 31457280) (tried to allocate 2097152 bytes) in /workspaces/UX308-Assignment2/.wordpress/wp-content/plugins/ecommerce-product-catalog/modules/price/price-meta.php on line 31
[03-Apr-2025 19:42:09 UTC] PHP Fatal error:  Out of memory (allocated 31457280) (tried to allocate 2097152 bytes) in /workspaces/UX308-Assignment2/.wordpress/wp-content/plugins/ecommerce-product-catalog/modules/price/price-functions.php on line 238
[03-Apr-2025 19:42:13 UTC] PHP Fatal error:  Out of memory (allocated 31457280) (tried to allocate 2097152 bytes) in /workspaces/UX308-Assignment2/.wordpress/wp-content/plugins/ecommerce-product-catalog/modules/price/price-meta.php on line 31
[03-Apr-2025 19:42:15 UTC] PHP Fatal error:  Out of memory (allocated 31457280) (tried to allocate 2097152 bytes) in /workspaces/UX308-Assignment2/.wordpress/wp-content/plugins/ecommerce-product-catalog/modules/price/price-functions.php on line 224
[03-Apr-2025 19:42:15 UTC] PHP Fatal error:  Out of memory (allocated 31457280) (tried to allocate 2097152 bytes) in /workspaces/UX308-Assignment2/.wordpress/wp-content/plugins/ecommerce-product-catalog/modules/price/price-meta.php on line 31
[03-Apr-2025 19:42:25 UTC] PHP Fatal error:  Out of memory (allocated 31457280) (tried to allocate 2097152 bytes) in /workspaces/UX308-Assignment2/.wordpress/wp-content/plugins/ecommerce-product-catalog/modules/price/price-functions.php on line 224
[03-Apr-2025 19:42:32 UTC] PHP Fatal error:  Out of memory (allocated 31457280) (tried to allocate 2097152 bytes) in /workspaces/UX308-Assignment2/.wordpress/wp-content/plugins/ecommerce-product-catalog/modules/price/price-meta.php on line 31
[03-Apr-2025 19:42:35 UTC] PHP Fatal error:  Out of memory (allocated 31457280) (tried to allocate 2097152 bytes) in /workspaces/UX308-Assignment2/.wordpress/wp-content/plugins/ecommerce-product-catalog/modules/price/price-functions.php on line 224
[03-Apr-2025 19:42:35 UTC] PHP Fatal error:  Out of memory (allocated 31457280) (tried to allocate 2097152 bytes) in /workspaces/UX308-Assignment2/.wordpress/wp-content/plugins/ecommerce-product-catalog/modules/price/price-meta.php on line 31
[03-Apr-2025 19:42:37 UTC] PHP Fatal error:  Out of memory (allocated 31457280) (tried to allocate 2097152 bytes) in /workspaces/UX308-Assignment2/.wordpress/wp-content/plugins/ecommerce-product-catalog/modules/price/price-functions.php on line 238
[03-Apr-2025 19:42:38 UTC] PHP Fatal error:  Out of memory (allocated 31457280) (tried to allocate 2097152 bytes) in /workspaces/UX308-Assignment2/.wordpress/wp-content/plugins/ecommerce-product-catalog/functions/functions.php on line 1657
[03-Apr-2025 19:42:58 UTC] PHP Fatal error:  Out of memory (allocated 31457280) (tried to allocate 2097152 bytes) in /workspaces/UX308-Assignment2/.wordpress/wp-content/plugins/ecommerce-product-catalog/modules/price/price-meta.php on line 31
[03-Apr-2025 19:43:09 UTC] PHP Fatal error:  Out of memory (allocated 31457280) (tried to allocate 2097152 bytes) in /workspaces/UX308-Assignment2/.wordpress/wp-content/plugins/ecommerce-product-catalog/modules/price/price-meta.php on line 31
